# JRE version: Java(TM) SE Runtime Environment 18.9 (11.0.15+8) (build 11.0.15+8-LTS-149)
# Java VM: Java HotSpot(TM) 64-Bit Server VM 18.9 (11.0.15+8-LTS-149, mixed mode, tiered, compressed oops, g1 gc, windows-amd64)
Heap:
 garbage-first heap   total 157696K, used 102275K [0x0000000080000000, 0x0000000100000000)
  region size 1024K, 91 young (93184K), 7 survivors (7168K)
 Metaspace       used 45182K, capacity 46385K, committed 46720K, reserved 1089536K
  class space    used 5391K, capacity 5891K, committed 6016K, reserved 1048576K
GC Heap History (10 events):
Event: 2.301 GC heap before
{Heap before GC invocations=3 (full 0):
 garbage-first heap   total 131072K, used 20077K [0x0000000080000000, 0x0000000100000000)
  region size 1024K, 16 young (16384K), 2 survivors (2048K)
 Metaspace       used 17017K, capacity 17446K, committed 17664K, reserved 1064960K
  class space    used 1829K, capacity 2007K, committed 2048K, reserved 1048576K
}
Event: 2.311 GC heap after
{Heap after GC invocations=4 (full 0):
 garbage-first heap   total 131072K, used 6872K [0x0000000080000000, 0x0000000100000000)
  region size 1024K, 2 young (2048K), 2 survivors (2048K)
 Metaspace       used 17017K, capacity 17446K, committed 17664K, reserved 1064960K
  class space    used 1829K, capacity 2007K, committed 2048K, reserved 1048576K
}
Event: 3.053 GC heap before
{Heap before GC invocations=4 (full 0):
 garbage-first heap   total 131072K, used 24280K [0x0000000080000000, 0x0000000100000000)
  region size 1024K, 20 young (20480K), 2 survivors (2048K)
 Metaspace       used 20729K, capacity 21172K, committed 21248K, reserved 1069056K
  class space    used 2334K, capacity 2543K, committed 2560K, reserved 1048576K
}
Event: 3.064 GC heap after
{Heap after GC invocations=5 (full 0):
 garbage-first heap   total 157696K, used 7692K [0x0000000080000000, 0x0000000100000000)
  region size 1024K, 2 young (2048K), 2 survivors (2048K)
 Metaspace       used 20729K, capacity 21172K, committed 21248K, reserved 1069056K
  class space    used 2334K, capacity 2543K, committed 2560K, reserved 1048576K
}
Event: 3.701 GC heap before
{Heap before GC invocations=6 (full 0):
 garbage-first heap   total 157696K, used 34316K [0x0000000080000000, 0x0000000100000000)
  region size 1024K, 29 young (29696K), 2 survivors (2048K)
 Metaspace       used 23873K, capacity 24386K, committed 24576K, reserved 1071104K
  class space    used 2809K, capacity 3036K, committed 3072K, reserved 1048576K
}
Event: 3.710 GC heap after
{Heap after GC invocations=7 (full 0):
 garbage-first heap   total 157696K, used 9083K [0x0000000080000000, 0x0000000100000000)
  region size 1024K, 4 young (4096K), 4 survivors (4096K)
 Metaspace       used 23873K, capacity 24386K, committed 24576K, reserved 1071104K
  class space    used 2809K, capacity 3036K, committed 3072K, reserved 1048576K
}
Event: 4.951 GC heap before
{Heap before GC invocations=7 (full 0):
 garbage-first heap   total 157696K, used 50043K [0x0000000080000000, 0x0000000100000000)
  region size 1024K, 44 young (45056K), 4 survivors (4096K)
 Metaspace       used 30535K, capacity 31239K, committed 31488K, reserved 1077248K
  class space    used 3556K, capacity 3830K, committed 3840K, reserved 1048576K
}
Event: 4.966 GC heap after
{Heap after GC invocations=8 (full 0):
 garbage-first heap   total 157696K, used 11331K [0x0000000080000000, 0x0000000100000000)
  region size 1024K, 5 young (5120K), 5 survivors (5120K)
 Metaspace       used 30535K, capacity 31239K, committed 31488K, reserved 1077248K
  class space    used 3556K, capacity 3830K, committed 3840K, reserved 1048576K
}
Event: 6.188 GC heap before
{Heap before GC invocations=8 (full 0):
 garbage-first heap   total 157696K, used 37955K [0x0000000080000000, 0x0000000100000000)
  region size 1024K, 32 young (32768K), 5 survivors (5120K)
 Metaspace       used 34834K, capacity 35719K, committed 35840K, reserved 1081344K
  class space    used 4132K, capacity 4487K, committed 4608K, reserved 1048576K
}
Event: 6.205 GC heap after
{Heap after GC invocations=9 (full 0):
 garbage-first heap   total 157696K, used 13187K [0x0000000080000000, 0x0000000100000000)
  region size 1024K, 7 young (7168K), 7 survivors (7168K)
 Metaspace       used 34834K, capacity 35719K, committed 35840K, reserved 1081344K
  class space    used 4132K, capacity 4487K, committed 4608K, reserved 1048576K
}

